\BOOKMARK [1][-]{section.1}{\376\377\000I\000n\000t\000r\000o\000d\000u\000c\000t\000i\000o\000n}{}% 1
\BOOKMARK [1][-]{section.2}{\376\377\000Q\000u\000e\000s\000t\000i\000o\000n\000\040\0001\000:\000\040\000D\000e\000f\000i\000n\000e\000\040\000t\000h\000e\000\040\000t\000u\000r\000b\000i\000n\000e\000\040\000i\000n\000\040\000F\000L\000O\000R\000I\000S}{}% 2
\BOOKMARK [1][-]{section.3}{\376\377\000Q\000u\000e\000s\000t\000i\000o\000n\000\040\0002\000:\000\040\000C\000h\000e\000c\000k\000\040\000t\000h\000e\000\040\000t\000u\000r\000b\000i\000n\000e\000\040\000c\000h\000a\000r\000a\000c\000t\000e\000r\000i\000s\000t\000i\000c\000s}{}% 3
\BOOKMARK [2][-]{subsection.3.1}{\376\377\000W\000h\000a\000t\000\040\000w\000a\000s\000\040\000c\000h\000e\000c\000k\000e\000d}{section.3}% 4
\BOOKMARK [2][-]{subsection.3.2}{\376\377\000I\000n\000t\000e\000r\000p\000r\000e\000t\000a\000t\000i\000o\000n}{section.3}% 5
\BOOKMARK [2][-]{subsection.3.3}{\376\377\000U\000s\000e\000f\000u\000l\000\040\000n\000o\000t\000e\000b\000o\000o\000k\000\040\000o\000u\000t\000p\000u\000t\000\040\000f\000r\000o\000m\000\040\000t\000h\000e\000\040\000t\000u\000r\000b\000i\000n\000e\000\040\000t\000a\000b\000l\000e}{section.3}% 6
\BOOKMARK [2][-]{subsection.3.4}{\376\377\000C\000o\000m\000m\000e\000n\000t\000\040\000o\000n\000\040\000t\000h\000e\000\040\000c\000u\000r\000v\000e\000\040\000t\000r\000e\000n\000d}{section.3}% 7
\BOOKMARK [1][-]{section.4}{\376\377\000Q\000u\000e\000s\000t\000i\000o\000n\000\040\0003\000:\000\040\000V\000i\000s\000u\000a\000l\000i\000z\000e\000\040\000t\000h\000e\000\040\000w\000i\000n\000d\000\040\000f\000a\000r\000m\000\040\000f\000l\000o\000w\000\040\000f\000i\000e\000l\000d}{}% 8
\BOOKMARK [2][-]{subsection.4.1}{\376\377\000F\000l\000o\000w\000-\000f\000i\000e\000l\000d\000\040\000f\000i\000g\000u\000r\000e\000s}{section.4}% 9
\BOOKMARK [2][-]{subsection.4.2}{\376\377\000I\000n\000t\000e\000r\000p\000r\000e\000t\000a\000t\000i\000o\000n}{section.4}% 10
\BOOKMARK [1][-]{section.5}{\376\377\000Q\000u\000e\000s\000t\000i\000o\000n\000\040\0004\000:\000\040\000J\000e\000n\000s\000e\000n\000\040\000w\000a\000k\000e\000\040\000m\000o\000d\000e\000l\000\040\000p\000o\000w\000e\000r\000\040\000c\000a\000l\000c\000u\000l\000a\000t\000i\000o\000n}{}% 11
\BOOKMARK [2][-]{subsection.5.1}{\376\377\000A\000l\000i\000g\000n\000e\000d\000\040\000/\000\040\000n\000o\000-\000w\000a\000k\000e\000\040\000c\000a\000s\000e}{section.5}% 12
\BOOKMARK [2][-]{subsection.5.2}{\376\377\000W\000a\000k\000e\000\040\000c\000a\000s\000e}{section.5}% 13
\BOOKMARK [2][-]{subsection.5.3}{\376\377\000D\000i\000s\000c\000u\000s\000s\000i\000o\000n}{section.5}% 14
\BOOKMARK [1][-]{section.6}{\376\377\000Q\000u\000e\000s\000t\000i\000o\000n\000\040\0005\000:\000\040\000E\000f\000f\000e\000c\000t\000\040\000o\000f\000\040\000i\000n\000c\000r\000e\000a\000s\000i\000n\000g\000\040\000t\000h\000e\000\040\000s\000p\000a\000c\000i\000n\000g\000\040\000f\000r\000o\000m\000\040\0005\000D\000\040\000t\000o\000\040\0001\0000\000D}{}% 15
\BOOKMARK [2][-]{subsection.6.1}{\376\377\000A\000l\000i\000g\000n\000e\000d\000\040\000c\000a\000s\000e}{section.6}% 16
\BOOKMARK [2][-]{subsection.6.2}{\376\377\000W\000a\000k\000e\000\040\000c\000a\000s\000e}{section.6}% 17
\BOOKMARK [2][-]{subsection.6.3}{\376\377\000D\000i\000s\000c\000u\000s\000s\000i\000o\000n}{section.6}% 18
\BOOKMARK [1][-]{section.7}{\376\377\000Q\000u\000e\000s\000t\000i\000o\000n\000\040\0006\000:\000\040\000D\000a\000y\000\040\000a\000n\000d\000\040\000n\000i\000g\000h\000t\000\040\000c\000o\000n\000d\000i\000t\000i\000o\000n\000s\000\040\000w\000i\000t\000h\000\040\000G\000a\000u\000s\000s\000i\000a\000n\000\040\000w\000a\000k\000e\000\040\000m\000o\000d\000e\000l}{}% 19
\BOOKMARK [2][-]{subsection.7.1}{\376\377\0005\000D\000\040\000s\000p\000a\000c\000i\000n\000g\000,\000\040\000w\000i\000n\000d\000\040\000d\000i\000r\000e\000c\000t\000i\000o\000n\000\040\0000}{section.7}% 20
\BOOKMARK [2][-]{subsection.7.2}{\376\377\0005\000D\000\040\000s\000p\000a\000c\000i\000n\000g\000,\000\040\000w\000a\000k\000e\000-\000a\000l\000i\000g\000n\000e\000d\000\040\000c\000a\000s\000e}{section.7}% 21
\BOOKMARK [2][-]{subsection.7.3}{\376\377\0002\0000\000D\000\040\000s\000p\000a\000c\000i\000n\000g\000,\000\040\000w\000a\000k\000e\000-\000a\000l\000i\000g\000n\000e\000d\000\040\000c\000a\000s\000e}{section.7}% 22
\BOOKMARK [2][-]{subsection.7.4}{\376\377\000D\000i\000s\000c\000u\000s\000s\000i\000o\000n}{section.7}% 23
\BOOKMARK [2][-]{subsection.7.5}{\376\377\000F\000l\000o\000w\000-\000f\000i\000e\000l\000d\000\040\000i\000n\000t\000e\000r\000p\000r\000e\000t\000a\000t\000i\000o\000n}{section.7}% 24
\BOOKMARK [1][-]{section.8}{\376\377\000C\000o\000n\000c\000l\000u\000s\000i\000o\000n}{}% 25
