\BOOKMARK [1][-]{section.1}{\376\377\000Q\000u\000e\000s\000t\000i\000o\000n\000\040\0001\000:\000\040\000W\000i\000n\000d\000\040\000R\000o\000s\000e}{}% 1
\BOOKMARK [1][-]{section.2}{\376\377\000Q\000u\000e\000s\000t\000i\000o\000n\000\040\0002\000:\000\040\000A\000E\000P\000\040\000a\000n\000d\000\040\000W\000i\000n\000d\000\040\000F\000a\000r\000m\000\040\000E\000f\000f\000i\000c\000i\000e\000n\000c\000y}{}% 2
\BOOKMARK [2][-]{subsection.2.1}{\376\377\000S\000e\000t\000u\000p}{section.2}% 3
\BOOKMARK [2][-]{subsection.2.2}{\376\377\000R\000e\000s\000u\000l\000t\000s}{section.2}% 4
\BOOKMARK [1][-]{section.3}{\376\377\000Q\000u\000e\000s\000t\000i\000o\000n\000\040\0003\000:\000\040\000L\000a\000n\000d\000B\000O\000S\000S\000E\000\040\040\023\000\040\000B\000a\000l\000a\000n\000c\000e\000-\000o\000f\000-\000P\000l\000a\000n\000t\000\040\000a\000n\000d\000\040\000L\000C\000O\000E}{}% 5
\BOOKMARK [2][-]{subsection.3.1}{\376\377\000L\000a\000n\000d\000B\000O\000S\000S\000E\000\040\000c\000o\000n\000f\000i\000g\000u\000r\000a\000t\000i\000o\000n}{section.3}% 6
\BOOKMARK [2][-]{subsection.3.2}{\376\377\000B\000a\000l\000a\000n\000c\000e\000-\000o\000f\000-\000P\000l\000a\000n\000t\000\040\000c\000o\000s\000t\000s}{section.3}% 7
\BOOKMARK [2][-]{subsection.3.3}{\376\377\000T\000u\000r\000b\000i\000n\000e\000\040\000c\000a\000p\000i\000t\000a\000l\000\040\000c\000o\000s\000t\000\040\000a\000n\000d\000\040\000I\000C\000C}{section.3}% 8
\BOOKMARK [2][-]{subsection.3.4}{\376\377\000L\000C\000O\000E\000\040\000c\000a\000l\000c\000u\000l\000a\000t\000i\000o\000n}{section.3}% 9
\BOOKMARK [1][-]{section.4}{\376\377\000Q\000u\000e\000s\000t\000i\000o\000n\000\040\0004\000:\000\040\000L\000C\000O\000E\000\040\000L\000i\000t\000e\000r\000a\000t\000u\000r\000e\000\040\000C\000o\000m\000p\000a\000r\000i\000s\000o\000n\000\040\000a\000n\000d\000\040\000C\000o\000s\000t\000\040\000B\000r\000e\000a\000k\000d\000o\000w\000n}{}% 10
\BOOKMARK [2][-]{subsection.4.1}{\376\377\000L\000i\000t\000e\000r\000a\000t\000u\000r\000e\000\040\000c\000o\000m\000p\000a\000r\000i\000s\000o\000n}{section.4}% 11
\BOOKMARK [2][-]{subsection.4.2}{\376\377\000A\000n\000n\000u\000a\000l\000i\000s\000e\000d\000\040\000c\000o\000s\000t\000\040\000b\000r\000e\000a\000k\000d\000o\000w\000n}{section.4}% 12
\BOOKMARK [1][-]{section.5}{\376\377\000Q\000u\000e\000s\000t\000i\000o\000n\000\040\0005\000:\000\040\000E\000f\000f\000e\000c\000t\000\040\000o\000f\000\040\000I\000n\000c\000r\000e\000a\000s\000i\000n\000g\000\040\000S\000p\000a\000c\000i\000n\000g\000\040\000f\000r\000o\000m\000\040\0005\000D\000\040\000t\000o\000\040\0008\000D}{}% 13
\BOOKMARK [1][-]{section.6}{\376\377\000Q\000u\000e\000s\000t\000i\000o\000n\000\040\0006\000:\000\040\000E\000f\000f\000e\000c\000t\000\040\000o\000f\000\040\000a\000\040\000R\000e\000d\000u\000c\000e\000d\000\040\000D\000i\000s\000c\000o\000u\000n\000t\000\040\000R\000a\000t\000e}{}% 14
\BOOKMARK [1][-]{section.7}{\376\377\000Q\000u\000e\000s\000t\000i\000o\000n\000\040\0007\000:\000\040\000A\000E\000P\000\040\000I\000m\000p\000r\000o\000v\000e\000m\000e\000n\000t\000\040\000S\000t\000r\000a\000t\000e\000g\000y}{}% 15
\BOOKMARK [2][-]{subsection.7.1}{\376\377\000P\000r\000o\000p\000o\000s\000e\000d\000\040\000m\000e\000t\000h\000o\000d\000:\000\040\000s\000t\000a\000g\000g\000e\000r\000e\000d\000\040\000l\000a\000y\000o\000u\000t}{section.7}% 16
\BOOKMARK [2][-]{subsection.7.2}{\376\377\000D\000i\000s\000c\000u\000s\000s\000i\000o\000n}{section.7}% 17
\BOOKMARK [1][-]{section.8}{\376\377\000Q\000u\000e\000s\000t\000i\000o\000n\000\040\0008\000:\000\040\000I\000R\000R\000\040\000a\000n\000d\000\040\000P\000r\000o\000f\000i\000t\000a\000b\000i\000l\000i\000t\000y\000\040\000I\000n\000d\000e\000x}{}% 18
\BOOKMARK [2][-]{subsection.8.1}{\376\377\000R\000e\000v\000e\000n\000u\000e\000\040\000a\000n\000d\000\040\000c\000a\000s\000h\000-\000f\000l\000o\000w}{section.8}% 19
\BOOKMARK [2][-]{subsection.8.2}{\376\377\000N\000P\000V\000\040\000a\000n\000d\000\040\000I\000R\000R}{section.8}% 20
\BOOKMARK [2][-]{subsection.8.3}{\376\377\000P\000r\000o\000f\000i\000t\000a\000b\000i\000l\000i\000t\000y\000\040\000I\000n\000d\000e\000x}{section.8}% 21
\BOOKMARK [2][-]{subsection.8.4}{\376\377\000E\000c\000o\000n\000o\000m\000i\000c\000\040\000a\000s\000s\000e\000s\000s\000m\000e\000n\000t}{section.8}% 22
\BOOKMARK [1][-]{section.9}{\376\377\000Q\000u\000e\000s\000t\000i\000o\000n\000\040\0009\000:\000\040\000M\000i\000n\000i\000m\000u\000m\000\040\000T\000u\000r\000b\000i\000n\000e\000s\000\040\000f\000o\000r\000\040\000P\000I\000\040\000>\000\040\0001}{}% 23
\BOOKMARK [2][-]{subsection.9.1}{\376\377\000M\000e\000t\000h\000o\000d\000o\000l\000o\000g\000y}{section.9}% 24
\BOOKMARK [2][-]{subsection.9.2}{\376\377\000R\000e\000s\000u\000l\000t\000s}{section.9}% 25
\BOOKMARK [2][-]{subsection.9.3}{\376\377\000D\000i\000s\000c\000u\000s\000s\000i\000o\000n}{section.9}% 26
